<?xml version="1.0" encoding="UTF-8"?>
<testng-results ignored="0" total="1" passed="1" failed="0" skipped="0">
  <reporter-output>
  </reporter-output>
  <suite started-at="2022-11-23T18:50:58 EST" name="Default suite" finished-at="2022-11-23T18:51:21 EST" duration-ms="23084">
    <groups>
    </groups>
    <test started-at="2022-11-23T18:50:58 EST" name="Default test" finished-at="2022-11-23T18:51:21 EST" duration-ms="23084">
      <class name="NewMavenDemo.FrameWork.CLassOne">
        <test-method signature="MavenReview()[pri:0, instance:NewMavenDemo.FrameWork.CLassOne@a2431d0]" started-at="2022-11-23T18:50:58 EST" name="MavenReview" finished-at="2022-11-23T18:51:21 EST" duration-ms="23024" status="PASS">
          <reporter-output>
          </reporter-output>
        </test-method> <!-- MavenReview -->
      </class> <!-- NewMavenDemo.FrameWork.CLassOne -->
    </test> <!-- Default test -->
  </suite> <!-- Default suite -->
</testng-results>
